  game.c
C:\Users\mishi\OneDrive\Documentos\workspaces\GameDev\taller2025\src\core\game.c(44,22): warning C4018: '<': signed/unsigned mismatch
C:\Users\mishi\OneDrive\Documentos\workspaces\GameDev\taller2025\src\core\game.c(316,3): warning C4047: 'return': 'int' differs in levels of indirection from 'void *'
C:\Users\mishi\OneDrive\Documentos\workspaces\GameDev\taller2025\src\core\game.c(330,21): warning C4018: '<': signed/unsigned mismatch
  level.c
  sprite.c
C:\Users\mishi\OneDrive\Documentos\workspaces\GameDev\taller2025\src\core\resources\sprite.c(12,15): warning C4090: '=': different 'const' qualifiers
C:\Users\mishi\OneDrive\Documentos\workspaces\GameDev\taller2025\src\core\resources\sprite.c(70,20): warning C4013: 'strdup' undefined; assuming extern returning int
C:\Users\mishi\OneDrive\Documentos\workspaces\GameDev\taller2025\src\core\resources\sprite.c(70,18): warning C4047: '=': 'char *' differs in levels of indirection from 'int'
C:\Users\mishi\OneDrive\Documentos\workspaces\GameDev\taller2025\src\core\resources\sprite.c(114,12): warning C4013: 'strcmp' undefined; assuming extern returning int
C:\Users\mishi\OneDrive\Documentos\workspaces\GameDev\taller2025\src\core\resources\sprite.c(155,21): warning C4018: '<': signed/unsigned mismatch
C:\Users\mishi\OneDrive\Documentos\workspaces\GameDev\taller2025\src\core\resources\sprite.c(164,21): warning C4018: '<': signed/unsigned mismatch
  tilemap.c
C:\Users\mishi\OneDrive\Documentos\workspaces\GameDev\taller2025\src\core\resources\tilemap.c(250,55): warning C4244: 'initializing': conversion from 'unsigned int' to 'float', possible loss of data
C:\Users\mishi\OneDrive\Documentos\workspaces\GameDev\taller2025\src\core\resources\tilemap.c(251,55): warning C4244: 'initializing': conversion from 'unsigned int' to 'float', possible loss of data
C:\Users\mishi\OneDrive\Documentos\workspaces\GameDev\taller2025\src\core\resources\tilemap.c(252,55): warning C4244: 'initializing': conversion from 'unsigned int' to 'float', possible loss of data
C:\Users\mishi\OneDrive\Documentos\workspaces\GameDev\taller2025\src\core\resources\tilemap.c(253,55): warning C4244: 'initializing': conversion from 'unsigned int' to 'float', possible loss of data
C:\Users\mishi\OneDrive\Documentos\workspaces\GameDev\taller2025\src\core\resources\tilemap.c(257,10): warning C4244: 'initializing': conversion from 'int' to 'float', possible loss of data
C:\Users\mishi\OneDrive\Documentos\workspaces\GameDev\taller2025\src\core\resources\tilemap.c(257,17): warning C4244: 'initializing': conversion from 'int' to 'float', possible loss of data
C:\Users\mishi\OneDrive\Documentos\workspaces\GameDev\taller2025\src\core\resources\tilemap.c(258,55): warning C4244: 'initializing': conversion from 'unsigned int' to 'float', possible loss of data
C:\Users\mishi\OneDrive\Documentos\workspaces\GameDev\taller2025\src\core\resources\tilemap.c(259,55): warning C4244: 'initializing': conversion from 'unsigned int' to 'float', possible loss of data
  resources_manager.c
C:\Users\mishi\OneDrive\Documentos\workspaces\GameDev\taller2025\src\core\resources_manager.c(66,20): warning C4018: '<': signed/unsigned mismatch
C:\Users\mishi\OneDrive\Documentos\workspaces\GameDev\taller2025\src\core\resources_manager.c(84,21): warning C4018: '<': signed/unsigned mismatch
  test_level.c
C:\Users\mishi\OneDrive\Documentos\workspaces\GameDev\taller2025\src\levels\test_level.c(104,25): warning C4244: 'initializing': conversion from 'unsigned int' to 'float', possible loss of data
C:\Users\mishi\OneDrive\Documentos\workspaces\GameDev\taller2025\src\levels\test_level.c(104,36): warning C4244: 'initializing': conversion from 'unsigned int' to 'float', possible loss of data
C:\Users\mishi\OneDrive\Documentos\workspaces\GameDev\taller2025\src\levels\test_level.c(104,47): warning C4244: 'initializing': conversion from 'unsigned int' to 'float', possible loss of data
C:\Users\mishi\OneDrive\Documentos\workspaces\GameDev\taller2025\src\levels\test_level.c(104,62): warning C4244: 'initializing': conversion from 'unsigned int' to 'float', possible loss of data
C:\Users\mishi\OneDrive\Documentos\workspaces\GameDev\taller2025\src\levels\test_level.c(93,20): warning C4090: 'initializing': different 'const' qualifiers
C:\Users\mishi\OneDrive\Documentos\workspaces\GameDev\taller2025\src\levels\test_level.c(94,16): warning C4090: 'initializing': different 'const' qualifiers
C:\Users\mishi\OneDrive\Documentos\workspaces\GameDev\taller2025\src\levels\test_level.c(95,13): warning C4090: 'initializing': different 'const' qualifiers
  main.c
  Generating Code...
  gametypes.h
LINK : warning LNK4098: defaultlib 'MSVCRT' conflicts with use of other libs; use /NODEFAULTLIB:library
  taller2025.vcxproj -> C:\Users\mishi\OneDrive\Documentos\workspaces\GameDev\taller2025\x64\Debug\taller2025.exe
